[INFO ] 2018-04-11 03:58:38.159 [http-nio-8080-exec-2] Version - HHH000412: Hibernate Core {5.2.12.Final}
[INFO ] 2018-04-11 03:58:38.162 [http-nio-8080-exec-2] Environment - HHH000206: hibernate.properties not found
[INFO ] 2018-04-11 03:58:38.576 [http-nio-8080-exec-2] Version - HCANN000001: Hibernate Commons Annotations {5.0.1.Final}
[INFO ] 2018-04-11 03:58:38.778 [http-nio-8080-exec-2] C3P0ConnectionProvider - HHH010002: C3P0 using driver: com.mysql.jdbc.Driver at URL: jdbc:mysql://localhost:3306/concertPlanner
[INFO ] 2018-04-11 03:58:38.778 [http-nio-8080-exec-2] C3P0ConnectionProvider - HHH10001001: Connection properties: {user=root, password=****}
[INFO ] 2018-04-11 03:58:38.779 [http-nio-8080-exec-2] C3P0ConnectionProvider - HHH10001003: Autocommit mode: false
[INFO ] 2018-04-11 03:58:38.986 [http-nio-8080-exec-2] C3P0ConnectionProvider - HHH10001007: JDBC isolation level: <unknown>
[INFO ] 2018-04-11 03:58:39.500 [http-nio-8080-exec-2] Dialect - HHH000400: Using dialect: org.hibernate.dialect.MySQL5Dialect
[INFO ] 2018-04-11 03:58:41.287 [http-nio-8080-exec-2] QueryTranslatorFactoryInitiator - HHH000397: Using ASTQueryTranslatorFactory
[INFO ] 2018-04-11 04:08:23.485 [http-nio-8080-exec-3] Version - HHH000412: Hibernate Core {5.2.12.Final}
[INFO ] 2018-04-11 04:08:23.488 [http-nio-8080-exec-3] Environment - HHH000206: hibernate.properties not found
[INFO ] 2018-04-11 04:08:23.649 [http-nio-8080-exec-3] Version - HCANN000001: Hibernate Commons Annotations {5.0.1.Final}
[INFO ] 2018-04-11 04:08:23.833 [http-nio-8080-exec-3] C3P0ConnectionProvider - HHH010002: C3P0 using driver: com.mysql.jdbc.Driver at URL: jdbc:mysql://localhost:3306/concertPlanner
[INFO ] 2018-04-11 04:08:23.833 [http-nio-8080-exec-3] C3P0ConnectionProvider - HHH10001001: Connection properties: {user=root, password=****}
[INFO ] 2018-04-11 04:08:23.833 [http-nio-8080-exec-3] C3P0ConnectionProvider - HHH10001003: Autocommit mode: false
[INFO ] 2018-04-11 04:08:24.026 [http-nio-8080-exec-3] C3P0ConnectionProvider - HHH10001007: JDBC isolation level: <unknown>
[INFO ] 2018-04-11 04:08:24.469 [http-nio-8080-exec-3] Dialect - HHH000400: Using dialect: org.hibernate.dialect.MySQL5Dialect
[INFO ] 2018-04-11 04:08:25.979 [http-nio-8080-exec-3] QueryTranslatorFactoryInitiator - HHH000397: Using ASTQueryTranslatorFactory
[INFO ] 2018-04-11 04:10:25.340 [http-nio-8080-exec-14] Version - HHH000412: Hibernate Core {5.2.12.Final}
[INFO ] 2018-04-11 04:10:25.343 [http-nio-8080-exec-14] Environment - HHH000206: hibernate.properties not found
[INFO ] 2018-04-11 04:10:25.534 [http-nio-8080-exec-14] Version - HCANN000001: Hibernate Commons Annotations {5.0.1.Final}
[INFO ] 2018-04-11 04:10:25.718 [http-nio-8080-exec-14] C3P0ConnectionProvider - HHH010002: C3P0 using driver: com.mysql.jdbc.Driver at URL: jdbc:mysql://localhost:3306/concertPlanner
[INFO ] 2018-04-11 04:10:25.718 [http-nio-8080-exec-14] C3P0ConnectionProvider - HHH10001001: Connection properties: {user=root, password=****}
[INFO ] 2018-04-11 04:10:25.718 [http-nio-8080-exec-14] C3P0ConnectionProvider - HHH10001003: Autocommit mode: false
[INFO ] 2018-04-11 04:10:25.906 [http-nio-8080-exec-14] C3P0ConnectionProvider - HHH10001007: JDBC isolation level: <unknown>
[INFO ] 2018-04-11 04:10:26.369 [http-nio-8080-exec-14] Dialect - HHH000400: Using dialect: org.hibernate.dialect.MySQL5Dialect
[INFO ] 2018-04-11 04:10:27.831 [http-nio-8080-exec-14] QueryTranslatorFactoryInitiator - HHH000397: Using ASTQueryTranslatorFactory
[INFO ] 2018-04-11 04:21:58.291 [http-nio-8080-exec-20] Version - HHH000412: Hibernate Core {5.2.12.Final}
[INFO ] 2018-04-11 04:21:58.294 [http-nio-8080-exec-20] Environment - HHH000206: hibernate.properties not found
[INFO ] 2018-04-11 04:21:58.465 [http-nio-8080-exec-20] Version - HCANN000001: Hibernate Commons Annotations {5.0.1.Final}
[INFO ] 2018-04-11 04:21:58.634 [http-nio-8080-exec-20] C3P0ConnectionProvider - HHH010002: C3P0 using driver: com.mysql.jdbc.Driver at URL: jdbc:mysql://localhost:3306/concertPlanner
[INFO ] 2018-04-11 04:21:58.634 [http-nio-8080-exec-20] C3P0ConnectionProvider - HHH10001001: Connection properties: {user=root, password=****}
[INFO ] 2018-04-11 04:21:58.635 [http-nio-8080-exec-20] C3P0ConnectionProvider - HHH10001003: Autocommit mode: false
[INFO ] 2018-04-11 04:21:58.822 [http-nio-8080-exec-20] C3P0ConnectionProvider - HHH10001007: JDBC isolation level: <unknown>
[INFO ] 2018-04-11 04:21:59.244 [http-nio-8080-exec-20] Dialect - HHH000400: Using dialect: org.hibernate.dialect.MySQL5Dialect
[INFO ] 2018-04-11 04:22:00.806 [http-nio-8080-exec-20] QueryTranslatorFactoryInitiator - HHH000397: Using ASTQueryTranslatorFactory
[INFO ] 2018-04-11 04:23:42.464 [http-nio-8080-exec-30] Version - HHH000412: Hibernate Core {5.2.12.Final}
[INFO ] 2018-04-11 04:23:42.467 [http-nio-8080-exec-30] Environment - HHH000206: hibernate.properties not found
[INFO ] 2018-04-11 04:23:42.673 [http-nio-8080-exec-30] Version - HCANN000001: Hibernate Commons Annotations {5.0.1.Final}
[INFO ] 2018-04-11 04:23:42.850 [http-nio-8080-exec-30] C3P0ConnectionProvider - HHH010002: C3P0 using driver: com.mysql.jdbc.Driver at URL: jdbc:mysql://localhost:3306/concertPlanner
[INFO ] 2018-04-11 04:23:42.851 [http-nio-8080-exec-30] C3P0ConnectionProvider - HHH10001001: Connection properties: {user=root, password=****}
[INFO ] 2018-04-11 04:23:42.852 [http-nio-8080-exec-30] C3P0ConnectionProvider - HHH10001003: Autocommit mode: false
[INFO ] 2018-04-11 04:23:43.022 [http-nio-8080-exec-30] C3P0ConnectionProvider - HHH10001007: JDBC isolation level: <unknown>
[INFO ] 2018-04-11 04:23:43.471 [http-nio-8080-exec-30] Dialect - HHH000400: Using dialect: org.hibernate.dialect.MySQL5Dialect
[INFO ] 2018-04-11 04:23:45.000 [http-nio-8080-exec-30] QueryTranslatorFactoryInitiator - HHH000397: Using ASTQueryTranslatorFactory
